{"/home/liathach/code/cohort4/01-getting-started/javascript/daily.js": {"path":"/home/liathach/code/cohort4/01-getting-started/javascript/daily.js","statementMap":{"0":{"start":{"line":2,"column":18},"end":{"line":8,"column":1}},"1":{"start":{"line":5,"column":26},"end":{"line":5,"column":44}},"2":{"start":{"line":6,"column":8},"end":{"line":6,"column":26}}},"fnMap":{"0":{"name":"(anonymous_0)","decl":{"start":{"line":4,"column":25},"end":{"line":4,"column":26}},"loc":{"start":{"line":4,"column":38},"end":{"line":7,"column":5}},"line":4}},"branchMap":{},"s":{"0":1,"1":2,"2":2},"f":{"0":2},"b":{},"_coverageSchema":"43e27e138ebf9cfc5966b082cf9a028302ed4184","hash":"e24375c2923dadc860132b1de19c644ac4bd37fc"}
,"/home/liathach/code/cohort4/01-getting-started/src/scripts/functions.js": {"path":"/home/liathach/code/cohort4/01-getting-started/src/scripts/functions.js","statementMap":{"0":{"start":{"line":2,"column":18},"end":{"line":113,"column":3}},"1":{"start":{"line":5,"column":8},"end":{"line":8,"column":50}},"2":{"start":{"line":5,"column":34},"end":{"line":5,"column":49}},"3":{"start":{"line":6,"column":13},"end":{"line":8,"column":50}},"4":{"start":{"line":6,"column":41},"end":{"line":6,"column":57}},"5":{"start":{"line":7,"column":13},"end":{"line":8,"column":50}},"6":{"start":{"line":7,"column":40},"end":{"line":7,"column":55}},"7":{"start":{"line":8,"column":13},"end":{"line":8,"column":50}},"8":{"start":{"line":8,"column":29},"end":{"line":8,"column":50}},"9":{"start":{"line":14,"column":8},"end":{"line":14,"column":27}},"10":{"start":{"line":18,"column":8},"end":{"line":18,"column":27}},"11":{"start":{"line":22,"column":8},"end":{"line":22,"column":27}},"12":{"start":{"line":26,"column":8},"end":{"line":26,"column":27}},"13":{"start":{"line":30,"column":16},"end":{"line":30,"column":24}},"14":{"start":{"line":31,"column":8},"end":{"line":31,"column":19}},"15":{"start":{"line":32,"column":12},"end":{"line":32,"column":24}},"16":{"start":{"line":36,"column":17},"end":{"line":36,"column":58}},"17":{"start":{"line":37,"column":17},"end":{"line":37,"column":58}},"18":{"start":{"line":38,"column":17},"end":{"line":38,"column":42}},"19":{"start":{"line":44,"column":20},"end":{"line":44,"column":21}},"20":{"start":{"line":45,"column":23},"end":{"line":45,"column":42}},"21":{"start":{"line":46,"column":4},"end":{"line":46,"column":27}},"22":{"start":{"line":47,"column":4},"end":{"line":47,"column":21}},"23":{"start":{"line":53,"column":18},"end":{"line":53,"column":19}},"24":{"start":{"line":54,"column":21},"end":{"line":54,"column":28}},"25":{"start":{"line":55,"column":22},"end":{"line":55,"column":50}},"26":{"start":{"line":56,"column":4},"end":{"line":56,"column":40}},"27":{"start":{"line":57,"column":6},"end":{"line":57,"column":23}},"28":{"start":{"line":63,"column":18},"end":{"line":63,"column":19}},"29":{"start":{"line":64,"column":21},"end":{"line":64,"column":28}},"30":{"start":{"line":65,"column":21},"end":{"line":65,"column":28}},"31":{"start":{"line":66,"column":22},"end":{"line":66,"column":49}},"32":{"start":{"line":67,"column":4},"end":{"line":67,"column":51}},"33":{"start":{"line":68,"column":6},"end":{"line":68,"column":23}},"34":{"start":{"line":74,"column":18},"end":{"line":74,"column":19}},"35":{"start":{"line":75,"column":21},"end":{"line":75,"column":28}},"36":{"start":{"line":76,"column":21},"end":{"line":76,"column":28}},"37":{"start":{"line":77,"column":21},"end":{"line":77,"column":29}},"38":{"start":{"line":78,"column":22},"end":{"line":78,"column":50}},"39":{"start":{"line":79,"column":4},"end":{"line":79,"column":62}},"40":{"start":{"line":80,"column":6},"end":{"line":80,"column":23}},"41":{"start":{"line":85,"column":18},"end":{"line":85,"column":19}},"42":{"start":{"line":86,"column":21},"end":{"line":86,"column":28}},"43":{"start":{"line":87,"column":21},"end":{"line":87,"column":28}},"44":{"start":{"line":88,"column":21},"end":{"line":88,"column":29}},"45":{"start":{"line":89,"column":21},"end":{"line":89,"column":29}},"46":{"start":{"line":90,"column":22},"end":{"line":90,"column":50}},"47":{"start":{"line":91,"column":4},"end":{"line":91,"column":73}},"48":{"start":{"line":92,"column":6},"end":{"line":92,"column":23}},"49":{"start":{"line":96,"column":12},"end":{"line":100,"column":71}},"50":{"start":{"line":96,"column":39},"end":{"line":96,"column":81}},"51":{"start":{"line":97,"column":21},"end":{"line":100,"column":71}},"52":{"start":{"line":97,"column":48},"end":{"line":97,"column":90}},"53":{"start":{"line":98,"column":21},"end":{"line":100,"column":71}},"54":{"start":{"line":98,"column":47},"end":{"line":98,"column":89}},"55":{"start":{"line":99,"column":25},"end":{"line":100,"column":71}},"56":{"start":{"line":99,"column":51},"end":{"line":99,"column":93}},"57":{"start":{"line":100,"column":29},"end":{"line":100,"column":71}},"58":{"start":{"line":104,"column":19},"end":{"line":104,"column":49}},"59":{"start":{"line":105,"column":4},"end":{"line":105,"column":19}}},"fnMap":{"0":{"name":"(anonymous_0)","decl":{"start":{"line":4,"column":10},"end":{"line":4,"column":11}},"loc":{"start":{"line":4,"column":19},"end":{"line":11,"column":5}},"line":4},"1":{"name":"(anonymous_1)","decl":{"start":{"line":13,"column":9},"end":{"line":13,"column":10}},"loc":{"start":{"line":13,"column":25},"end":{"line":15,"column":5}},"line":13},"2":{"name":"(anonymous_2)","decl":{"start":{"line":17,"column":14},"end":{"line":17,"column":15}},"loc":{"start":{"line":17,"column":30},"end":{"line":19,"column":5}},"line":17},"3":{"name":"(anonymous_3)","decl":{"start":{"line":21,"column":14},"end":{"line":21,"column":15}},"loc":{"start":{"line":21,"column":30},"end":{"line":23,"column":5}},"line":21},"4":{"name":"(anonymous_4)","decl":{"start":{"line":25,"column":12},"end":{"line":25,"column":13}},"loc":{"start":{"line":25,"column":28},"end":{"line":27,"column":5}},"line":25},"5":{"name":"(anonymous_5)","decl":{"start":{"line":29,"column":12},"end":{"line":29,"column":13}},"loc":{"start":{"line":29,"column":22},"end":{"line":33,"column":5}},"line":29},"6":{"name":"(anonymous_6)","decl":{"start":{"line":35,"column":20},"end":{"line":35,"column":21}},"loc":{"start":{"line":35,"column":26},"end":{"line":39,"column":3}},"line":35},"7":{"name":"(anonymous_7)","decl":{"start":{"line":43,"column":15},"end":{"line":43,"column":16}},"loc":{"start":{"line":43,"column":33},"end":{"line":48,"column":5}},"line":43},"8":{"name":"(anonymous_8)","decl":{"start":{"line":52,"column":15},"end":{"line":52,"column":16}},"loc":{"start":{"line":52,"column":33},"end":{"line":58,"column":4}},"line":52},"9":{"name":"(anonymous_9)","decl":{"start":{"line":62,"column":15},"end":{"line":62,"column":16}},"loc":{"start":{"line":62,"column":33},"end":{"line":69,"column":5}},"line":62},"10":{"name":"(anonymous_10)","decl":{"start":{"line":73,"column":15},"end":{"line":73,"column":16}},"loc":{"start":{"line":73,"column":33},"end":{"line":81,"column":5}},"line":73},"11":{"name":"(anonymous_11)","decl":{"start":{"line":84,"column":15},"end":{"line":84,"column":16}},"loc":{"start":{"line":84,"column":33},"end":{"line":93,"column":5}},"line":84},"12":{"name":"(anonymous_12)","decl":{"start":{"line":95,"column":16},"end":{"line":95,"column":17}},"loc":{"start":{"line":95,"column":34},"end":{"line":101,"column":5}},"line":95},"13":{"name":"(anonymous_13)","decl":{"start":{"line":103,"column":17},"end":{"line":103,"column":18}},"loc":{"start":{"line":103,"column":46},"end":{"line":106,"column":3}},"line":103}},"branchMap":{"0":{"loc":{"start":{"line":5,"column":8},"end":{"line":8,"column":50}},"type":"if","locations":[{"start":{"line":5,"column":8},"end":{"line":8,"column":50}},{"start":{"line":5,"column":8},"end":{"line":8,"column":50}}],"line":5},"1":{"loc":{"start":{"line":5,"column":12},"end":{"line":5,"column":32}},"type":"binary-expr","locations":[{"start":{"line":5,"column":12},"end":{"line":5,"column":20}},{"start":{"line":5,"column":24},"end":{"line":5,"column":32}}],"line":5},"2":{"loc":{"start":{"line":6,"column":13},"end":{"line":8,"column":50}},"type":"if","locations":[{"start":{"line":6,"column":13},"end":{"line":8,"column":50}},{"start":{"line":6,"column":13},"end":{"line":8,"column":50}}],"line":6},"3":{"loc":{"start":{"line":6,"column":17},"end":{"line":6,"column":39}},"type":"binary-expr","locations":[{"start":{"line":6,"column":17},"end":{"line":6,"column":26}},{"start":{"line":6,"column":30},"end":{"line":6,"column":39}}],"line":6},"4":{"loc":{"start":{"line":7,"column":13},"end":{"line":8,"column":50}},"type":"if","locations":[{"start":{"line":7,"column":13},"end":{"line":8,"column":50}},{"start":{"line":7,"column":13},"end":{"line":8,"column":50}}],"line":7},"5":{"loc":{"start":{"line":7,"column":17},"end":{"line":7,"column":38}},"type":"binary-expr","locations":[{"start":{"line":7,"column":17},"end":{"line":7,"column":25}},{"start":{"line":7,"column":29},"end":{"line":7,"column":38}}],"line":7},"6":{"loc":{"start":{"line":8,"column":13},"end":{"line":8,"column":50}},"type":"if","locations":[{"start":{"line":8,"column":13},"end":{"line":8,"column":50}},{"start":{"line":8,"column":13},"end":{"line":8,"column":50}}],"line":8},"7":{"loc":{"start":{"line":31,"column":8},"end":{"line":31,"column":19}},"type":"if","locations":[{"start":{"line":31,"column":8},"end":{"line":31,"column":19}},{"start":{"line":31,"column":8},"end":{"line":31,"column":19}}],"line":31},"8":{"loc":{"start":{"line":96,"column":12},"end":{"line":100,"column":71}},"type":"if","locations":[{"start":{"line":96,"column":12},"end":{"line":100,"column":71}},{"start":{"line":96,"column":12},"end":{"line":100,"column":71}}],"line":96},"9":{"loc":{"start":{"line":97,"column":21},"end":{"line":100,"column":71}},"type":"if","locations":[{"start":{"line":97,"column":21},"end":{"line":100,"column":71}},{"start":{"line":97,"column":21},"end":{"line":100,"column":71}}],"line":97},"10":{"loc":{"start":{"line":98,"column":21},"end":{"line":100,"column":71}},"type":"if","locations":[{"start":{"line":98,"column":21},"end":{"line":100,"column":71}},{"start":{"line":98,"column":21},"end":{"line":100,"column":71}}],"line":98},"11":{"loc":{"start":{"line":99,"column":25},"end":{"line":100,"column":71}},"type":"if","locations":[{"start":{"line":99,"column":25},"end":{"line":100,"column":71}},{"start":{"line":99,"column":25},"end":{"line":100,"column":71}}],"line":99}},"s":{"0":1,"1":7,"2":2,"3":5,"4":2,"5":3,"6":1,"7":2,"8":2,"9":2,"10":2,"11":2,"12":2,"13":1,"14":1,"15":1,"16":0,"17":0,"18":0,"19":0,"20":0,"21":0,"22":0,"23":0,"24":0,"25":0,"26":0,"27":0,"28":0,"29":0,"30":0,"31":0,"32":0,"33":0,"34":0,"35":0,"36":0,"37":0,"38":0,"39":0,"40":0,"41":0,"42":0,"43":0,"44":0,"45":0,"46":0,"47":0,"48":0,"49":0,"50":0,"51":0,"52":0,"53":0,"54":0,"55":0,"56":0,"57":0,"58":2,"59":2},"f":{"0":7,"1":2,"2":2,"3":2,"4":2,"5":1,"6":0,"7":0,"8":0,"9":0,"10":0,"11":0,"12":0,"13":2},"b":{"0":[2,5],"1":[7,2],"2":[2,3],"3":[5,5],"4":[1,2],"5":[3,3],"6":[2,0],"7":[0,1],"8":[0,0],"9":[0,0],"10":[0,0],"11":[0,0]},"_coverageSchema":"43e27e138ebf9cfc5966b082cf9a028302ed4184","hash":"9d34d70981777c1189940c2a84eae27a27fb2443"}
,"/home/liathach/code/cohort4/01-getting-started/src/scripts/syntax.js": {"path":"/home/liathach/code/cohort4/01-getting-started/src/scripts/syntax.js","statementMap":{"0":{"start":{"line":5,"column":17},"end":{"line":215,"column":1}},"1":{"start":{"line":7,"column":15},"end":{"line":7,"column":26}},"2":{"start":{"line":8,"column":8},"end":{"line":9,"column":27}},"3":{"start":{"line":8,"column":27},"end":{"line":8,"column":39}},"4":{"start":{"line":9,"column":14},"end":{"line":9,"column":27}},"5":{"start":{"line":14,"column":16},"end":{"line":14,"column":27}},"6":{"start":{"line":15,"column":7},"end":{"line":15,"column":18}},"7":{"start":{"line":21,"column":16},"end":{"line":21,"column":27}},"8":{"start":{"line":22,"column":9},"end":{"line":22,"column":20}},"9":{"start":{"line":27,"column":13},"end":{"line":27,"column":37}},"10":{"start":{"line":28,"column":19},"end":{"line":28,"column":50}},"11":{"start":{"line":29,"column":17},"end":{"line":29,"column":40}},"12":{"start":{"line":30,"column":2},"end":{"line":30,"column":25}},"13":{"start":{"line":35,"column":14},"end":{"line":35,"column":73}},"14":{"start":{"line":36,"column":4},"end":{"line":36,"column":20}},"15":{"start":{"line":43,"column":4},"end":{"line":46,"column":3}},"16":{"start":{"line":44,"column":6},"end":{"line":44,"column":26}},"17":{"start":{"line":45,"column":13},"end":{"line":45,"column":39}},"18":{"start":{"line":52,"column":4},"end":{"line":55,"column":1}},"19":{"start":{"line":53,"column":6},"end":{"line":53,"column":30}},"20":{"start":{"line":54,"column":15},"end":{"line":54,"column":37}},"21":{"start":{"line":60,"column":2},"end":{"line":60,"column":19}},"22":{"start":{"line":67,"column":11},"end":{"line":67,"column":26}},"23":{"start":{"line":68,"column":4},"end":{"line":68,"column":13}},"24":{"start":{"line":75,"column":0},"end":{"line":75,"column":18}},"25":{"start":{"line":76,"column":0},"end":{"line":76,"column":11}},"26":{"start":{"line":81,"column":2},"end":{"line":81,"column":17}},"27":{"start":{"line":82,"column":2},"end":{"line":82,"column":13}},"28":{"start":{"line":87,"column":12},"end":{"line":87,"column":23}},"29":{"start":{"line":88,"column":4},"end":{"line":88,"column":24}},"30":{"start":{"line":89,"column":2},"end":{"line":89,"column":11}},"31":{"start":{"line":96,"column":13},"end":{"line":96,"column":15}},"32":{"start":{"line":97,"column":2},"end":{"line":98,"column":28}},"33":{"start":{"line":97,"column":15},"end":{"line":97,"column":17}},"34":{"start":{"line":98,"column":2},"end":{"line":98,"column":26}},"35":{"start":{"line":99,"column":2},"end":{"line":99,"column":14}},"36":{"start":{"line":106,"column":15},"end":{"line":106,"column":17}},"37":{"start":{"line":107,"column":8},"end":{"line":107,"column":9}},"38":{"start":{"line":108,"column":2},"end":{"line":110,"column":3}},"39":{"start":{"line":109,"column":4},"end":{"line":109,"column":30}},"40":{"start":{"line":111,"column":4},"end":{"line":111,"column":24}},"41":{"start":{"line":112,"column":4},"end":{"line":112,"column":18}},"42":{"start":{"line":119,"column":10},"end":{"line":119,"column":11}},"43":{"start":{"line":120,"column":8},"end":{"line":120,"column":9}},"44":{"start":{"line":121,"column":0},"end":{"line":124,"column":1}},"45":{"start":{"line":122,"column":0},"end":{"line":122,"column":13}},"46":{"start":{"line":123,"column":2},"end":{"line":123,"column":6}},"47":{"start":{"line":125,"column":0},"end":{"line":125,"column":11}},"48":{"start":{"line":130,"column":1},"end":{"line":130,"column":31}},"49":{"start":{"line":130,"column":13},"end":{"line":130,"column":31}},"50":{"start":{"line":131,"column":2},"end":{"line":131,"column":36}},"51":{"start":{"line":131,"column":15},"end":{"line":131,"column":36}},"52":{"start":{"line":136,"column":8},"end":{"line":136,"column":9}},"53":{"start":{"line":137,"column":0},"end":{"line":137,"column":34}},"54":{"start":{"line":141,"column":3},"end":{"line":141,"column":13}},"55":{"start":{"line":143,"column":3},"end":{"line":143,"column":16}},"56":{"start":{"line":149,"column":2},"end":{"line":149,"column":27}},"57":{"start":{"line":150,"column":2},"end":{"line":150,"column":23}},"58":{"start":{"line":157,"column":18},"end":{"line":157,"column":19}},"59":{"start":{"line":158,"column":21},"end":{"line":158,"column":40}},"60":{"start":{"line":159,"column":2},"end":{"line":159,"column":25}},"61":{"start":{"line":160,"column":2},"end":{"line":160,"column":19}},"62":{"start":{"line":166,"column":16},"end":{"line":166,"column":17}},"63":{"start":{"line":167,"column":19},"end":{"line":167,"column":26}},"64":{"start":{"line":168,"column":20},"end":{"line":168,"column":48}},"65":{"start":{"line":169,"column":2},"end":{"line":169,"column":38}},"66":{"start":{"line":170,"column":4},"end":{"line":170,"column":21}},"67":{"start":{"line":176,"column":16},"end":{"line":176,"column":17}},"68":{"start":{"line":177,"column":19},"end":{"line":177,"column":26}},"69":{"start":{"line":178,"column":19},"end":{"line":178,"column":26}},"70":{"start":{"line":179,"column":20},"end":{"line":179,"column":47}},"71":{"start":{"line":180,"column":2},"end":{"line":180,"column":49}},"72":{"start":{"line":181,"column":4},"end":{"line":181,"column":21}},"73":{"start":{"line":187,"column":16},"end":{"line":187,"column":17}},"74":{"start":{"line":188,"column":19},"end":{"line":188,"column":26}},"75":{"start":{"line":189,"column":19},"end":{"line":189,"column":26}},"76":{"start":{"line":190,"column":19},"end":{"line":190,"column":27}},"77":{"start":{"line":191,"column":20},"end":{"line":191,"column":48}},"78":{"start":{"line":192,"column":2},"end":{"line":192,"column":60}},"79":{"start":{"line":193,"column":4},"end":{"line":193,"column":21}},"80":{"start":{"line":198,"column":16},"end":{"line":198,"column":17}},"81":{"start":{"line":199,"column":19},"end":{"line":199,"column":26}},"82":{"start":{"line":200,"column":19},"end":{"line":200,"column":26}},"83":{"start":{"line":201,"column":19},"end":{"line":201,"column":27}},"84":{"start":{"line":202,"column":19},"end":{"line":202,"column":27}},"85":{"start":{"line":203,"column":20},"end":{"line":203,"column":48}},"86":{"start":{"line":204,"column":2},"end":{"line":204,"column":71}},"87":{"start":{"line":205,"column":4},"end":{"line":205,"column":21}},"88":{"start":{"line":209,"column":4},"end":{"line":213,"column":51}},"89":{"start":{"line":209,"column":23},"end":{"line":209,"column":57}},"90":{"start":{"line":210,"column":11},"end":{"line":213,"column":51}},"91":{"start":{"line":210,"column":30},"end":{"line":210,"column":64}},"92":{"start":{"line":211,"column":13},"end":{"line":213,"column":51}},"93":{"start":{"line":211,"column":31},"end":{"line":211,"column":65}},"94":{"start":{"line":212,"column":15},"end":{"line":213,"column":51}},"95":{"start":{"line":212,"column":33},"end":{"line":212,"column":67}},"96":{"start":{"line":213,"column":17},"end":{"line":213,"column":51}}},"fnMap":{"0":{"name":"(anonymous_0)","decl":{"start":{"line":6,"column":10},"end":{"line":6,"column":11}},"loc":{"start":{"line":6,"column":18},"end":{"line":10,"column":2}},"line":6},"1":{"name":"(anonymous_1)","decl":{"start":{"line":13,"column":14},"end":{"line":13,"column":15}},"loc":{"start":{"line":13,"column":24},"end":{"line":16,"column":3}},"line":13},"2":{"name":"(anonymous_2)","decl":{"start":{"line":20,"column":15},"end":{"line":20,"column":16}},"loc":{"start":{"line":20,"column":25},"end":{"line":23,"column":4}},"line":20},"3":{"name":"(anonymous_3)","decl":{"start":{"line":26,"column":12},"end":{"line":26,"column":13}},"loc":{"start":{"line":26,"column":18},"end":{"line":31,"column":3}},"line":26},"4":{"name":"(anonymous_4)","decl":{"start":{"line":34,"column":10},"end":{"line":34,"column":11}},"loc":{"start":{"line":34,"column":17},"end":{"line":37,"column":3}},"line":34},"5":{"name":"(anonymous_5)","decl":{"start":{"line":42,"column":10},"end":{"line":42,"column":11}},"loc":{"start":{"line":42,"column":22},"end":{"line":47,"column":3}},"line":42},"6":{"name":"(anonymous_6)","decl":{"start":{"line":51,"column":10},"end":{"line":51,"column":11}},"loc":{"start":{"line":51,"column":21},"end":{"line":56,"column":1}},"line":51},"7":{"name":"(anonymous_7)","decl":{"start":{"line":59,"column":6},"end":{"line":59,"column":7}},"loc":{"start":{"line":59,"column":17},"end":{"line":61,"column":1}},"line":59},"8":{"name":"(anonymous_8)","decl":{"start":{"line":66,"column":9},"end":{"line":66,"column":10}},"loc":{"start":{"line":66,"column":18},"end":{"line":69,"column":1}},"line":66},"9":{"name":"(anonymous_9)","decl":{"start":{"line":74,"column":9},"end":{"line":74,"column":10}},"loc":{"start":{"line":74,"column":24},"end":{"line":77,"column":1}},"line":74},"10":{"name":"(anonymous_10)","decl":{"start":{"line":80,"column":7},"end":{"line":80,"column":8}},"loc":{"start":{"line":80,"column":22},"end":{"line":83,"column":1}},"line":80},"11":{"name":"(anonymous_11)","decl":{"start":{"line":86,"column":12},"end":{"line":86,"column":13}},"loc":{"start":{"line":86,"column":33},"end":{"line":90,"column":1}},"line":86},"12":{"name":"(anonymous_12)","decl":{"start":{"line":95,"column":6},"end":{"line":95,"column":7}},"loc":{"start":{"line":95,"column":15},"end":{"line":100,"column":1}},"line":95},"13":{"name":"(anonymous_13)","decl":{"start":{"line":105,"column":8},"end":{"line":105,"column":9}},"loc":{"start":{"line":105,"column":20},"end":{"line":115,"column":1}},"line":105},"14":{"name":"(anonymous_14)","decl":{"start":{"line":118,"column":8},"end":{"line":118,"column":9}},"loc":{"start":{"line":118,"column":17},"end":{"line":126,"column":1}},"line":118},"15":{"name":"(anonymous_15)","decl":{"start":{"line":129,"column":10},"end":{"line":129,"column":11}},"loc":{"start":{"line":129,"column":17},"end":{"line":132,"column":1}},"line":129},"16":{"name":"(anonymous_16)","decl":{"start":{"line":135,"column":14},"end":{"line":135,"column":15}},"loc":{"start":{"line":135,"column":32},"end":{"line":144,"column":1}},"line":135},"17":{"name":"myfunction","decl":{"start":{"line":139,"column":9},"end":{"line":139,"column":19}},"loc":{"start":{"line":139,"column":26},"end":{"line":143,"column":1}},"line":139},"18":{"name":"(anonymous_18)","decl":{"start":{"line":148,"column":6},"end":{"line":148,"column":7}},"loc":{"start":{"line":148,"column":23},"end":{"line":151,"column":3}},"line":148},"19":{"name":"(anonymous_19)","decl":{"start":{"line":156,"column":11},"end":{"line":156,"column":12}},"loc":{"start":{"line":156,"column":29},"end":{"line":161,"column":3}},"line":156},"20":{"name":"(anonymous_20)","decl":{"start":{"line":165,"column":11},"end":{"line":165,"column":12}},"loc":{"start":{"line":165,"column":29},"end":{"line":171,"column":2}},"line":165},"21":{"name":"(anonymous_21)","decl":{"start":{"line":175,"column":11},"end":{"line":175,"column":12}},"loc":{"start":{"line":175,"column":29},"end":{"line":182,"column":3}},"line":175},"22":{"name":"(anonymous_22)","decl":{"start":{"line":186,"column":11},"end":{"line":186,"column":12}},"loc":{"start":{"line":186,"column":29},"end":{"line":194,"column":3}},"line":186},"23":{"name":"(anonymous_23)","decl":{"start":{"line":197,"column":12},"end":{"line":197,"column":13}},"loc":{"start":{"line":197,"column":30},"end":{"line":206,"column":3}},"line":197},"24":{"name":"(anonymous_24)","decl":{"start":{"line":208,"column":10},"end":{"line":208,"column":11}},"loc":{"start":{"line":208,"column":20},"end":{"line":214,"column":3}},"line":208}},"branchMap":{"0":{"loc":{"start":{"line":8,"column":8},"end":{"line":9,"column":27}},"type":"if","locations":[{"start":{"line":8,"column":8},"end":{"line":9,"column":27}},{"start":{"line":8,"column":8},"end":{"line":9,"column":27}}],"line":8},"1":{"loc":{"start":{"line":43,"column":4},"end":{"line":46,"column":3}},"type":"if","locations":[{"start":{"line":43,"column":4},"end":{"line":46,"column":3}},{"start":{"line":43,"column":4},"end":{"line":46,"column":3}}],"line":43},"2":{"loc":{"start":{"line":52,"column":4},"end":{"line":55,"column":1}},"type":"if","locations":[{"start":{"line":52,"column":4},"end":{"line":55,"column":1}},{"start":{"line":52,"column":4},"end":{"line":55,"column":1}}],"line":52},"3":{"loc":{"start":{"line":130,"column":1},"end":{"line":130,"column":31}},"type":"if","locations":[{"start":{"line":130,"column":1},"end":{"line":130,"column":31}},{"start":{"line":130,"column":1},"end":{"line":130,"column":31}}],"line":130},"4":{"loc":{"start":{"line":209,"column":4},"end":{"line":213,"column":51}},"type":"if","locations":[{"start":{"line":209,"column":4},"end":{"line":213,"column":51}},{"start":{"line":209,"column":4},"end":{"line":213,"column":51}}],"line":209},"5":{"loc":{"start":{"line":210,"column":11},"end":{"line":213,"column":51}},"type":"if","locations":[{"start":{"line":210,"column":11},"end":{"line":213,"column":51}},{"start":{"line":210,"column":11},"end":{"line":213,"column":51}}],"line":210},"6":{"loc":{"start":{"line":211,"column":13},"end":{"line":213,"column":51}},"type":"if","locations":[{"start":{"line":211,"column":13},"end":{"line":213,"column":51}},{"start":{"line":211,"column":13},"end":{"line":213,"column":51}}],"line":211},"7":{"loc":{"start":{"line":212,"column":15},"end":{"line":213,"column":51}},"type":"if","locations":[{"start":{"line":212,"column":15},"end":{"line":213,"column":51}},{"start":{"line":212,"column":15},"end":{"line":213,"column":51}}],"line":212}},"s":{"0":1,"1":2,"2":2,"3":2,"4":0,"5":2,"6":2,"7":2,"8":2,"9":1,"10":1,"11":1,"12":1,"13":2,"14":2,"15":2,"16":1,"17":1,"18":2,"19":1,"20":1,"21":2,"22":2,"23":2,"24":2,"25":2,"26":2,"27":2,"28":2,"29":2,"30":2,"31":2,"32":2,"33":2,"34":55,"35":2,"36":2,"37":2,"38":2,"39":4,"40":2,"41":2,"42":2,"43":2,"44":2,"45":11,"46":11,"47":2,"48":2,"49":1,"50":1,"51":1,"52":2,"53":2,"54":4,"55":2,"56":2,"57":2,"58":5,"59":5,"60":5,"61":5,"62":2,"63":2,"64":2,"65":2,"66":2,"67":3,"68":3,"69":3,"70":3,"71":3,"72":3,"73":2,"74":2,"75":2,"76":2,"77":2,"78":2,"79":2,"80":3,"81":3,"82":3,"83":3,"84":3,"85":3,"86":3,"87":3,"88":5,"89":1,"90":4,"91":0,"92":4,"93":1,"94":3,"95":0,"96":3},"f":{"0":2,"1":2,"2":2,"3":1,"4":2,"5":2,"6":2,"7":2,"8":2,"9":2,"10":2,"11":2,"12":2,"13":2,"14":2,"15":2,"16":2,"17":4,"18":2,"19":5,"20":2,"21":3,"22":2,"23":3,"24":5},"b":{"0":[2,0],"1":[1,1],"2":[1,1],"3":[1,1],"4":[1,4],"5":[0,4],"6":[1,3],"7":[0,3]},"_coverageSchema":"43e27e138ebf9cfc5966b082cf9a028302ed4184","hash":"00efdf028b7efac3065228b788a9dd7556bccea1"}
}
