TN:
SF:/home/liathach/code/cohort4/01-getting-started/javascript/daily.js
FN:4,(anonymous_0)
FNF:1
FNH:1
FNDA:2,(anonymous_0)
DA:2,1
DA:5,2
DA:6,2
LF:3
LH:3
BRF:0
BRH:0
end_of_record
TN:
SF:/home/liathach/code/cohort4/01-getting-started/src/scripts/functions.js
FN:4,(anonymous_0)
FN:13,(anonymous_1)
FN:17,(anonymous_2)
FN:21,(anonymous_3)
FN:25,(anonymous_4)
FN:29,(anonymous_5)
FN:35,(anonymous_6)
FN:43,(anonymous_7)
FN:52,(anonymous_8)
FN:62,(anonymous_9)
FN:73,(anonymous_10)
FN:84,(anonymous_11)
FN:95,(anonymous_12)
FN:103,(anonymous_13)
FNF:14
FNH:7
FNDA:7,(anonymous_0)
FNDA:2,(anonymous_1)
FNDA:2,(anonymous_2)
FNDA:2,(anonymous_3)
FNDA:2,(anonymous_4)
FNDA:1,(anonymous_5)
FNDA:0,(anonymous_6)
FNDA:0,(anonymous_7)
FNDA:0,(anonymous_8)
FNDA:0,(anonymous_9)
FNDA:0,(anonymous_10)
FNDA:0,(anonymous_11)
FNDA:0,(anonymous_12)
FNDA:2,(anonymous_13)
DA:2,1
DA:5,7
DA:6,5
DA:7,3
DA:8,2
DA:14,2
DA:18,2
DA:22,2
DA:26,2
DA:30,1
DA:31,1
DA:32,1
DA:36,0
DA:37,0
DA:38,0
DA:44,0
DA:45,0
DA:46,0
DA:47,0
DA:53,0
DA:54,0
DA:55,0
DA:56,0
DA:57,0
DA:63,0
DA:64,0
DA:65,0
DA:66,0
DA:67,0
DA:68,0
DA:74,0
DA:75,0
DA:76,0
DA:77,0
DA:78,0
DA:79,0
DA:80,0
DA:85,0
DA:86,0
DA:87,0
DA:88,0
DA:89,0
DA:90,0
DA:91,0
DA:92,0
DA:96,0
DA:97,0
DA:98,0
DA:99,0
DA:100,0
DA:104,2
DA:105,2
LF:52
LH:14
BRDA:5,0,0,2
BRDA:5,0,1,5
BRDA:5,1,0,7
BRDA:5,1,1,2
BRDA:6,2,0,2
BRDA:6,2,1,3
BRDA:6,3,0,5
BRDA:6,3,1,5
BRDA:7,4,0,1
BRDA:7,4,1,2
BRDA:7,5,0,3
BRDA:7,5,1,3
BRDA:8,6,0,2
BRDA:8,6,1,0
BRDA:31,7,0,0
BRDA:31,7,1,1
BRDA:96,8,0,0
BRDA:96,8,1,0
BRDA:97,9,0,0
BRDA:97,9,1,0
BRDA:98,10,0,0
BRDA:98,10,1,0
BRDA:99,11,0,0
BRDA:99,11,1,0
BRF:24
BRH:14
end_of_record
TN:
SF:/home/liathach/code/cohort4/01-getting-started/src/scripts/syntax.js
FN:6,(anonymous_0)
FN:13,(anonymous_1)
FN:20,(anonymous_2)
FN:26,(anonymous_3)
FN:34,(anonymous_4)
FN:42,(anonymous_5)
FN:51,(anonymous_6)
FN:59,(anonymous_7)
FN:66,(anonymous_8)
FN:74,(anonymous_9)
FN:80,(anonymous_10)
FN:86,(anonymous_11)
FN:95,(anonymous_12)
FN:105,(anonymous_13)
FN:118,(anonymous_14)
FN:129,(anonymous_15)
FN:135,(anonymous_16)
FN:139,myfunction
FN:148,(anonymous_18)
FN:156,(anonymous_19)
FN:165,(anonymous_20)
FN:175,(anonymous_21)
FN:186,(anonymous_22)
FN:197,(anonymous_23)
FN:208,(anonymous_24)
FNF:25
FNH:25
FNDA:2,(anonymous_0)
FNDA:2,(anonymous_1)
FNDA:2,(anonymous_2)
FNDA:1,(anonymous_3)
FNDA:2,(anonymous_4)
FNDA:2,(anonymous_5)
FNDA:2,(anonymous_6)
FNDA:2,(anonymous_7)
FNDA:2,(anonymous_8)
FNDA:2,(anonymous_9)
FNDA:2,(anonymous_10)
FNDA:2,(anonymous_11)
FNDA:2,(anonymous_12)
FNDA:2,(anonymous_13)
FNDA:2,(anonymous_14)
FNDA:2,(anonymous_15)
FNDA:2,(anonymous_16)
FNDA:4,myfunction
FNDA:2,(anonymous_18)
FNDA:5,(anonymous_19)
FNDA:2,(anonymous_20)
FNDA:3,(anonymous_21)
FNDA:2,(anonymous_22)
FNDA:3,(anonymous_23)
FNDA:5,(anonymous_24)
DA:5,1
DA:7,2
DA:8,2
DA:9,0
DA:14,2
DA:15,2
DA:21,2
DA:22,2
DA:27,1
DA:28,1
DA:29,1
DA:30,1
DA:35,2
DA:36,2
DA:43,2
DA:44,1
DA:45,1
DA:52,2
DA:53,1
DA:54,1
DA:60,2
DA:67,2
DA:68,2
DA:75,2
DA:76,2
DA:81,2
DA:82,2
DA:87,2
DA:88,2
DA:89,2
DA:96,2
DA:97,2
DA:98,55
DA:99,2
DA:106,2
DA:107,2
DA:108,2
DA:109,4
DA:111,2
DA:112,2
DA:119,2
DA:120,2
DA:121,2
DA:122,11
DA:123,11
DA:125,2
DA:130,2
DA:131,1
DA:136,2
DA:137,2
DA:141,4
DA:143,2
DA:149,2
DA:150,2
DA:157,5
DA:158,5
DA:159,5
DA:160,5
DA:166,2
DA:167,2
DA:168,2
DA:169,2
DA:170,2
DA:176,3
DA:177,3
DA:178,3
DA:179,3
DA:180,3
DA:181,3
DA:187,2
DA:188,2
DA:189,2
DA:190,2
DA:191,2
DA:192,2
DA:193,2
DA:198,3
DA:199,3
DA:200,3
DA:201,3
DA:202,3
DA:203,3
DA:204,3
DA:205,3
DA:209,5
DA:210,4
DA:211,4
DA:212,3
DA:213,3
LF:89
LH:88
BRDA:8,0,0,2
BRDA:8,0,1,0
BRDA:43,1,0,1
BRDA:43,1,1,1
BRDA:52,2,0,1
BRDA:52,2,1,1
BRDA:130,3,0,1
BRDA:130,3,1,1
BRDA:209,4,0,1
BRDA:209,4,1,4
BRDA:210,5,0,0
BRDA:210,5,1,4
BRDA:211,6,0,1
BRDA:211,6,1,3
BRDA:212,7,0,0
BRDA:212,7,1,3
BRF:16
BRH:13
end_of_record
